Generating 100 shuffled lists of values between 1 and 100
Running 100 quick search runs on 100 lists looking for 50'th smallest element.
Running median-of-median search on 100 lists looking for 50'th smallest element with block size of 5.

Quick-Search and MoM Comparison Individual List Statistics
#0000 Comparisons Q-S Min:099 Max:532 Avg:314.74 10th:207 90th:422 | Mom-Search:319 QS/MoM Ratio:0.9866 QS-Faster:54/100
#0001 Comparisons Q-S Min:099 Max:562 Avg:313.33 10th:186 90th:448 | Mom-Search:619 QS/MoM Ratio:0.5062 QS-Faster:100/100
#0002 Comparisons Q-S Min:099 Max:563 Avg:307.89 10th:186 90th:430 | Mom-Search:624 QS/MoM Ratio:0.4934 QS-Faster:100/100
#0003 Comparisons Q-S Min:099 Max:628 Avg:305.18 10th:185 90th:432 | Mom-Search:590 QS/MoM Ratio:0.5173 QS-Faster:99/100
#0004 Comparisons Q-S Min:099 Max:659 Avg:301.38 10th:188 90th:440 | Mom-Search:612 QS/MoM Ratio:0.4925 QS-Faster:98/100
#0005 Comparisons Q-S Min:099 Max:587 Avg:297.86 10th:185 90th:420 | Mom-Search:612 QS/MoM Ratio:0.4867 QS-Faster:100/100
#0006 Comparisons Q-S Min:099 Max:613 Avg:306.25 10th:194 90th:437 | Mom-Search:585 QS/MoM Ratio:0.5235 QS-Faster:98/100
#0007 Comparisons Q-S Min:099 Max:592 Avg:311.21 10th:211 90th:452 | Mom-Search:575 QS/MoM Ratio:0.5412 QS-Faster:99/100
#0008 Comparisons Q-S Min:099 Max:532 Avg:317.22 10th:189 90th:442 | Mom-Search:328 QS/MoM Ratio:0.9671 QS-Faster:54/100
#0009 Comparisons Q-S Min:099 Max:580 Avg:316.17 10th:190 90th:454 | Mom-Search:619 QS/MoM Ratio:0.5108 QS-Faster:100/100
#0010 Comparisons Q-S Min:159 Max:727 Avg:314.13 10th:203 90th:426 | Mom-Search:627 QS/MoM Ratio:0.5010 QS-Faster:99/100
#0011 Comparisons Q-S Min:099 Max:698 Avg:288.63 10th:177 90th:390 | Mom-Search:582 QS/MoM Ratio:0.4959 QS-Faster:99/100
#0012 Comparisons Q-S Min:099 Max:622 Avg:319.40 10th:199 90th:453 | Mom-Search:660 QS/MoM Ratio:0.4839 QS-Faster:100/100
#0013 Comparisons Q-S Min:099 Max:657 Avg:302.53 10th:202 90th:424 | Mom-Search:608 QS/MoM Ratio:0.4976 QS-Faster:99/100
#0014 Comparisons Q-S Min:099 Max:651 Avg:314.97 10th:209 90th:429 | Mom-Search:625 QS/MoM Ratio:0.5040 QS-Faster:99/100
#0015 Comparisons Q-S Min:099 Max:595 Avg:310.45 10th:199 90th:425 | Mom-Search:623 QS/MoM Ratio:0.4983 QS-Faster:100/100
#0016 Comparisons Q-S Min:099 Max:610 Avg:304.67 10th:188 90th:451 | Mom-Search:626 QS/MoM Ratio:0.4867 QS-Faster:100/100
#0017 Comparisons Q-S Min:099 Max:715 Avg:309.18 10th:198 90th:413 | Mom-Search:343 QS/MoM Ratio:0.9014 QS-Faster:70/100
#0018 Comparisons Q-S Min:099 Max:638 Avg:305.90 10th:190 90th:417 | Mom-Search:628 QS/MoM Ratio:0.4871 QS-Faster:99/100
#0019 Comparisons Q-S Min:153 Max:689 Avg:306.89 10th:195 90th:436 | Mom-Search:582 QS/MoM Ratio:0.5273 QS-Faster:97/100
#0020 Comparisons Q-S Min:151 Max:691 Avg:305.73 10th:187 90th:416 | Mom-Search:602 QS/MoM Ratio:0.5079 QS-Faster:99/100
#0021 Comparisons Q-S Min:099 Max:522 Avg:305.93 10th:187 90th:425 | Mom-Search:565 QS/MoM Ratio:0.5415 QS-Faster:100/100
#0022 Comparisons Q-S Min:099 Max:577 Avg:303.14 10th:212 90th:419 | Mom-Search:289 QS/MoM Ratio:1.0489 QS-Faster:49/100
#0023 Comparisons Q-S Min:099 Max:546 Avg:306.53 10th:197 90th:417 | Mom-Search:661 QS/MoM Ratio:0.4637 QS-Faster:100/100
#0024 Comparisons Q-S Min:099 Max:542 Avg:312.63 10th:192 90th:434 | Mom-Search:319 QS/MoM Ratio:0.9800 QS-Faster:51/100
#0025 Comparisons Q-S Min:099 Max:709 Avg:317.56 10th:184 90th:459 | Mom-Search:548 QS/MoM Ratio:0.5795 QS-Faster:97/100
#0026 Comparisons Q-S Min:150 Max:562 Avg:308.11 10th:203 90th:424 | Mom-Search:613 QS/MoM Ratio:0.5026 QS-Faster:100/100
#0027 Comparisons Q-S Min:099 Max:546 Avg:305.09 10th:193 90th:419 | Mom-Search:562 QS/MoM Ratio:0.5429 QS-Faster:100/100
#0028 Comparisons Q-S Min:099 Max:548 Avg:295.83 10th:198 90th:398 | Mom-Search:609 QS/MoM Ratio:0.4858 QS-Faster:100/100
#0029 Comparisons Q-S Min:158 Max:620 Avg:311.85 10th:202 90th:422 | Mom-Search:547 QS/MoM Ratio:0.5701 QS-Faster:98/100
#0030 Comparisons Q-S Min:155 Max:606 Avg:314.37 10th:204 90th:480 | Mom-Search:602 QS/MoM Ratio:0.5222 QS-Faster:99/100
#0031 Comparisons Q-S Min:154 Max:561 Avg:300.86 10th:189 90th:419 | Mom-Search:319 QS/MoM Ratio:0.9431 QS-Faster:64/100
#0032 Comparisons Q-S Min:099 Max:532 Avg:311.14 10th:191 90th:442 | Mom-Search:591 QS/MoM Ratio:0.5265 QS-Faster:100/100
#0033 Comparisons Q-S Min:099 Max:593 Avg:312.02 10th:189 90th:455 | Mom-Search:600 QS/MoM Ratio:0.5200 QS-Faster:100/100
#0034 Comparisons Q-S Min:099 Max:559 Avg:298.38 10th:171 90th:428 | Mom-Search:622 QS/MoM Ratio:0.4797 QS-Faster:100/100
#0035 Comparisons Q-S Min:154 Max:619 Avg:318.37 10th:185 90th:438 | Mom-Search:635 QS/MoM Ratio:0.5014 QS-Faster:100/100
#0036 Comparisons Q-S Min:099 Max:561 Avg:304.42 10th:210 90th:432 | Mom-Search:601 QS/MoM Ratio:0.5065 QS-Faster:100/100
#0037 Comparisons Q-S Min:099 Max:639 Avg:298.00 10th:186 90th:410 | Mom-Search:599 QS/MoM Ratio:0.4975 QS-Faster:99/100
#0038 Comparisons Q-S Min:099 Max:522 Avg:315.39 10th:198 90th:429 | Mom-Search:599 QS/MoM Ratio:0.5265 QS-Faster:100/100
#0039 Comparisons Q-S Min:149 Max:513 Avg:314.30 10th:197 90th:427 | Mom-Search:692 QS/MoM Ratio:0.4542 QS-Faster:100/100
#0040 Comparisons Q-S Min:099 Max:666 Avg:314.25 10th:178 90th:477 | Mom-Search:604 QS/MoM Ratio:0.5203 QS-Faster:98/100
#0041 Comparisons Q-S Min:099 Max:643 Avg:295.81 10th:190 90th:398 | Mom-Search:611 QS/MoM Ratio:0.4841 QS-Faster:99/100
#0042 Comparisons Q-S Min:099 Max:531 Avg:298.68 10th:185 90th:410 | Mom-Search:657 QS/MoM Ratio:0.4546 QS-Faster:100/100
#0043 Comparisons Q-S Min:159 Max:578 Avg:303.93 10th:194 90th:412 | Mom-Search:609 QS/MoM Ratio:0.4991 QS-Faster:100/100
#0044 Comparisons Q-S Min:099 Max:494 Avg:284.28 10th:185 90th:392 | Mom-Search:570 QS/MoM Ratio:0.4987 QS-Faster:100/100
#0045 Comparisons Q-S Min:099 Max:492 Avg:302.05 10th:180 90th:428 | Mom-Search:632 QS/MoM Ratio:0.4779 QS-Faster:100/100
#0046 Comparisons Q-S Min:099 Max:518 Avg:304.99 10th:210 90th:400 | Mom-Search:338 QS/MoM Ratio:0.9023 QS-Faster:62/100
#0047 Comparisons Q-S Min:099 Max:544 Avg:314.40 10th:195 90th:456 | Mom-Search:586 QS/MoM Ratio:0.5365 QS-Faster:100/100
#0048 Comparisons Q-S Min:154 Max:581 Avg:299.15 10th:197 90th:429 | Mom-Search:564 QS/MoM Ratio:0.5304 QS-Faster:99/100
#0049 Comparisons Q-S Min:099 Max:590 Avg:311.24 10th:197 90th:458 | Mom-Search:545 QS/MoM Ratio:0.5711 QS-Faster:97/100
#0050 Comparisons Q-S Min:153 Max:585 Avg:323.12 10th:214 90th:451 | Mom-Search:598 QS/MoM Ratio:0.5403 QS-Faster:100/100
#0051 Comparisons Q-S Min:157 Max:581 Avg:304.70 10th:190 90th:414 | Mom-Search:609 QS/MoM Ratio:0.5003 QS-Faster:100/100
#0052 Comparisons Q-S Min:099 Max:762 Avg:308.70 10th:182 90th:435 | Mom-Search:634 QS/MoM Ratio:0.4869 QS-Faster:99/100
#0053 Comparisons Q-S Min:151 Max:612 Avg:301.24 10th:195 90th:419 | Mom-Search:289 QS/MoM Ratio:1.0424 QS-Faster:48/100
#0054 Comparisons Q-S Min:099 Max:553 Avg:299.44 10th:176 90th:416 | Mom-Search:605 QS/MoM Ratio:0.4949 QS-Faster:100/100
#0055 Comparisons Q-S Min:099 Max:597 Avg:302.74 10th:202 90th:412 | Mom-Search:596 QS/MoM Ratio:0.5080 QS-Faster:99/100
#0056 Comparisons Q-S Min:153 Max:654 Avg:319.33 10th:194 90th:459 | Mom-Search:631 QS/MoM Ratio:0.5061 QS-Faster:99/100
#0057 Comparisons Q-S Min:162 Max:515 Avg:308.61 10th:206 90th:412 | Mom-Search:585 QS/MoM Ratio:0.5275 QS-Faster:100/100
#0058 Comparisons Q-S Min:099 Max:489 Avg:307.28 10th:208 90th:428 | Mom-Search:591 QS/MoM Ratio:0.5199 QS-Faster:100/100
#0059 Comparisons Q-S Min:099 Max:616 Avg:313.74 10th:206 90th:468 | Mom-Search:621 QS/MoM Ratio:0.5052 QS-Faster:100/100
#0060 Comparisons Q-S Min:099 Max:576 Avg:309.44 10th:185 90th:430 | Mom-Search:605 QS/MoM Ratio:0.5115 QS-Faster:100/100
#0061 Comparisons Q-S Min:160 Max:524 Avg:287.34 10th:189 90th:392 | Mom-Search:589 QS/MoM Ratio:0.4878 QS-Faster:100/100
#0062 Comparisons Q-S Min:099 Max:562 Avg:296.18 10th:191 90th:423 | Mom-Search:567 QS/MoM Ratio:0.5224 QS-Faster:100/100
#0063 Comparisons Q-S Min:099 Max:547 Avg:305.72 10th:182 90th:444 | Mom-Search:609 QS/MoM Ratio:0.5020 QS-Faster:100/100
#0064 Comparisons Q-S Min:099 Max:636 Avg:303.05 10th:200 90th:415 | Mom-Search:580 QS/MoM Ratio:0.5225 QS-Faster:99/100
#0065 Comparisons Q-S Min:099 Max:560 Avg:328.81 10th:219 90th:444 | Mom-Search:599 QS/MoM Ratio:0.5489 QS-Faster:100/100
#0066 Comparisons Q-S Min:149 Max:591 Avg:310.69 10th:189 90th:457 | Mom-Search:615 QS/MoM Ratio:0.5052 QS-Faster:100/100
#0067 Comparisons Q-S Min:161 Max:563 Avg:311.74 10th:185 90th:425 | Mom-Search:598 QS/MoM Ratio:0.5213 QS-Faster:100/100
#0068 Comparisons Q-S Min:099 Max:525 Avg:306.10 10th:207 90th:426 | Mom-Search:623 QS/MoM Ratio:0.4913 QS-Faster:100/100
#0069 Comparisons Q-S Min:152 Max:565 Avg:322.50 10th:217 90th:439 | Mom-Search:557 QS/MoM Ratio:0.5790 QS-Faster:99/100
#0070 Comparisons Q-S Min:099 Max:533 Avg:321.99 10th:196 90th:445 | Mom-Search:581 QS/MoM Ratio:0.5542 QS-Faster:100/100
#0071 Comparisons Q-S Min:099 Max:536 Avg:315.53 10th:210 90th:458 | Mom-Search:599 QS/MoM Ratio:0.5268 QS-Faster:100/100
#0072 Comparisons Q-S Min:099 Max:789 Avg:310.29 10th:178 90th:488 | Mom-Search:627 QS/MoM Ratio:0.4949 QS-Faster:99/100
#0073 Comparisons Q-S Min:099 Max:583 Avg:307.98 10th:183 90th:452 | Mom-Search:579 QS/MoM Ratio:0.5319 QS-Faster:99/100
#0074 Comparisons Q-S Min:099 Max:688 Avg:320.08 10th:198 90th:419 | Mom-Search:567 QS/MoM Ratio:0.5645 QS-Faster:99/100
#0075 Comparisons Q-S Min:099 Max:582 Avg:314.73 10th:192 90th:428 | Mom-Search:328 QS/MoM Ratio:0.9595 QS-Faster:57/100
#0076 Comparisons Q-S Min:099 Max:694 Avg:292.34 10th:182 90th:395 | Mom-Search:593 QS/MoM Ratio:0.4930 QS-Faster:99/100
#0077 Comparisons Q-S Min:099 Max:504 Avg:289.83 10th:195 90th:406 | Mom-Search:552 QS/MoM Ratio:0.5251 QS-Faster:100/100
#0078 Comparisons Q-S Min:099 Max:533 Avg:302.28 10th:195 90th:418 | Mom-Search:587 QS/MoM Ratio:0.5150 QS-Faster:100/100
#0079 Comparisons Q-S Min:099 Max:694 Avg:315.62 10th:202 90th:414 | Mom-Search:589 QS/MoM Ratio:0.5359 QS-Faster:97/100
#0080 Comparisons Q-S Min:099 Max:643 Avg:315.97 10th:187 90th:459 | Mom-Search:574 QS/MoM Ratio:0.5505 QS-Faster:99/100
#0081 Comparisons Q-S Min:099 Max:501 Avg:310.56 10th:206 90th:455 | Mom-Search:632 QS/MoM Ratio:0.4914 QS-Faster:100/100
#0082 Comparisons Q-S Min:099 Max:656 Avg:321.06 10th:207 90th:447 | Mom-Search:604 QS/MoM Ratio:0.5316 QS-Faster:99/100
#0083 Comparisons Q-S Min:099 Max:578 Avg:310.79 10th:193 90th:424 | Mom-Search:597 QS/MoM Ratio:0.5206 QS-Faster:100/100
#0084 Comparisons Q-S Min:099 Max:595 Avg:312.38 10th:197 90th:434 | Mom-Search:600 QS/MoM Ratio:0.5206 QS-Faster:100/100
#0085 Comparisons Q-S Min:157 Max:562 Avg:320.24 10th:214 90th:447 | Mom-Search:652 QS/MoM Ratio:0.4912 QS-Faster:100/100
#0086 Comparisons Q-S Min:099 Max:546 Avg:304.81 10th:195 90th:437 | Mom-Search:586 QS/MoM Ratio:0.5202 QS-Faster:100/100
#0087 Comparisons Q-S Min:165 Max:578 Avg:317.48 10th:222 90th:453 | Mom-Search:570 QS/MoM Ratio:0.5570 QS-Faster:99/100
#0088 Comparisons Q-S Min:159 Max:578 Avg:311.47 10th:204 90th:439 | Mom-Search:578 QS/MoM Ratio:0.5389 QS-Faster:99/100
#0089 Comparisons Q-S Min:154 Max:588 Avg:301.56 10th:189 90th:428 | Mom-Search:596 QS/MoM Ratio:0.5060 QS-Faster:100/100
#0090 Comparisons Q-S Min:099 Max:536 Avg:293.89 10th:179 90th:416 | Mom-Search:620 QS/MoM Ratio:0.4740 QS-Faster:100/100
#0091 Comparisons Q-S Min:099 Max:600 Avg:306.14 10th:181 90th:426 | Mom-Search:567 QS/MoM Ratio:0.5399 QS-Faster:99/100
#0092 Comparisons Q-S Min:099 Max:597 Avg:315.45 10th:224 90th:413 | Mom-Search:644 QS/MoM Ratio:0.4898 QS-Faster:100/100
#0093 Comparisons Q-S Min:099 Max:547 Avg:302.13 10th:199 90th:421 | Mom-Search:570 QS/MoM Ratio:0.5301 QS-Faster:100/100
#0094 Comparisons Q-S Min:152 Max:540 Avg:307.36 10th:203 90th:415 | Mom-Search:654 QS/MoM Ratio:0.4700 QS-Faster:100/100
#0095 Comparisons Q-S Min:174 Max:608 Avg:310.24 10th:208 90th:437 | Mom-Search:600 QS/MoM Ratio:0.5171 QS-Faster:99/100
#0096 Comparisons Q-S Min:099 Max:677 Avg:301.68 10th:206 90th:402 | Mom-Search:621 QS/MoM Ratio:0.4858 QS-Faster:99/100
#0097 Comparisons Q-S Min:099 Max:565 Avg:302.02 10th:187 90th:467 | Mom-Search:621 QS/MoM Ratio:0.4863 QS-Faster:100/100
#0098 Comparisons Q-S Min:152 Max:655 Avg:334.62 10th:213 90th:499 | Mom-Search:605 QS/MoM Ratio:0.5531 QS-Faster:97/100
#0099 Comparisons Q-S Min:099 Max:581 Avg:307.74 10th:184 90th:423 | Mom-Search:614 QS/MoM Ratio:0.5012 QS-Faster:100/100

Total run statistics:
100*100(10000) quick-search iterations, 100 total lists.
Average over all Q-S runs:308.25 Min:99 Avg 10th:195.33 Avg 90th:431.68 Max:789
Average over all MoM runs:576.00 Min:289 10th:545 90th:632 Max:692
Quick Search is fastest 9558 time(s), Mom Search fastest 442 time(s). Ratio between QS/MoM:0.5538
Over all lists, how many are below MoM? QS-Min:100/100 QS-10th:100/100 QS-Avg:98/100 QS-90th:91/100 QS-Max:54/100 
