Generating 100 shuffled lists of values between 1 and 100
Running 100 quick search runs on 100 lists looking for 50'th smallest element.
Running median-of-median search on 100 lists looking for 50'th smallest element with block size of 5.

Quick-Search and MoM Comparison Individual List Statistics
#0000 Comparisons Q-S Min:099 Max:596 Avg:297.21 10th:196 90th:410 | Mom-Search:569 QS/MoM Ratio:0.5223 QS-Faster:99/100
#0001 Comparisons Q-S Min:099 Max:690 Avg:306.02 10th:180 90th:418 | Mom-Search:580 QS/MoM Ratio:0.5276 QS-Faster:99/100
#0002 Comparisons Q-S Min:099 Max:555 Avg:304.64 10th:188 90th:423 | Mom-Search:613 QS/MoM Ratio:0.4970 QS-Faster:100/100
#0003 Comparisons Q-S Min:099 Max:671 Avg:314.62 10th:194 90th:446 | Mom-Search:578 QS/MoM Ratio:0.5443 QS-Faster:99/100
#0004 Comparisons Q-S Min:099 Max:545 Avg:303.16 10th:178 90th:425 | Mom-Search:629 QS/MoM Ratio:0.4820 QS-Faster:100/100
#0005 Comparisons Q-S Min:099 Max:660 Avg:294.43 10th:188 90th:414 | Mom-Search:580 QS/MoM Ratio:0.5076 QS-Faster:99/100
#0006 Comparisons Q-S Min:099 Max:586 Avg:300.73 10th:204 90th:423 | Mom-Search:657 QS/MoM Ratio:0.4577 QS-Faster:100/100
#0007 Comparisons Q-S Min:099 Max:525 Avg:308.75 10th:186 90th:421 | Mom-Search:591 QS/MoM Ratio:0.5224 QS-Faster:100/100
#0008 Comparisons Q-S Min:099 Max:612 Avg:315.23 10th:177 90th:470 | Mom-Search:601 QS/MoM Ratio:0.5245 QS-Faster:99/100
#0009 Comparisons Q-S Min:153 Max:584 Avg:315.76 10th:195 90th:459 | Mom-Search:319 QS/MoM Ratio:0.9898 QS-Faster:52/100
#0010 Comparisons Q-S Min:162 Max:534 Avg:310.11 10th:183 90th:438 | Mom-Search:614 QS/MoM Ratio:0.5051 QS-Faster:100/100
#0011 Comparisons Q-S Min:151 Max:549 Avg:308.28 10th:192 90th:440 | Mom-Search:627 QS/MoM Ratio:0.4917 QS-Faster:100/100
#0012 Comparisons Q-S Min:099 Max:656 Avg:319.83 10th:210 90th:430 | Mom-Search:592 QS/MoM Ratio:0.5403 QS-Faster:98/100
#0013 Comparisons Q-S Min:165 Max:834 Avg:313.88 10th:190 90th:428 | Mom-Search:289 QS/MoM Ratio:1.0861 QS-Faster:45/100
#0014 Comparisons Q-S Min:099 Max:749 Avg:297.63 10th:188 90th:415 | Mom-Search:599 QS/MoM Ratio:0.4969 QS-Faster:98/100
#0015 Comparisons Q-S Min:099 Max:580 Avg:311.14 10th:200 90th:439 | Mom-Search:343 QS/MoM Ratio:0.9071 QS-Faster:62/100
#0016 Comparisons Q-S Min:149 Max:588 Avg:304.97 10th:194 90th:421 | Mom-Search:564 QS/MoM Ratio:0.5407 QS-Faster:99/100
#0017 Comparisons Q-S Min:151 Max:565 Avg:304.84 10th:194 90th:421 | Mom-Search:585 QS/MoM Ratio:0.5211 QS-Faster:100/100
#0018 Comparisons Q-S Min:179 Max:574 Avg:310.06 10th:205 90th:424 | Mom-Search:593 QS/MoM Ratio:0.5229 QS-Faster:100/100
#0019 Comparisons Q-S Min:099 Max:591 Avg:300.77 10th:186 90th:407 | Mom-Search:578 QS/MoM Ratio:0.5204 QS-Faster:99/100
#0020 Comparisons Q-S Min:099 Max:606 Avg:302.41 10th:184 90th:398 | Mom-Search:584 QS/MoM Ratio:0.5178 QS-Faster:98/100
#0021 Comparisons Q-S Min:099 Max:549 Avg:301.66 10th:187 90th:416 | Mom-Search:617 QS/MoM Ratio:0.4889 QS-Faster:100/100
#0022 Comparisons Q-S Min:099 Max:601 Avg:309.74 10th:189 90th:449 | Mom-Search:614 QS/MoM Ratio:0.5045 QS-Faster:100/100
#0023 Comparisons Q-S Min:156 Max:661 Avg:327.83 10th:198 90th:462 | Mom-Search:581 QS/MoM Ratio:0.5643 QS-Faster:97/100
#0024 Comparisons Q-S Min:099 Max:580 Avg:305.45 10th:203 90th:431 | Mom-Search:332 QS/MoM Ratio:0.9200 QS-Faster:69/100
#0025 Comparisons Q-S Min:099 Max:518 Avg:293.76 10th:167 90th:411 | Mom-Search:565 QS/MoM Ratio:0.5199 QS-Faster:100/100
#0026 Comparisons Q-S Min:153 Max:565 Avg:302.05 10th:195 90th:450 | Mom-Search:564 QS/MoM Ratio:0.5355 QS-Faster:99/100
#0027 Comparisons Q-S Min:099 Max:505 Avg:315.25 10th:212 90th:435 | Mom-Search:575 QS/MoM Ratio:0.5483 QS-Faster:100/100
#0028 Comparisons Q-S Min:155 Max:570 Avg:304.61 10th:200 90th:422 | Mom-Search:593 QS/MoM Ratio:0.5137 QS-Faster:100/100
#0029 Comparisons Q-S Min:099 Max:571 Avg:306.61 10th:222 90th:410 | Mom-Search:591 QS/MoM Ratio:0.5188 QS-Faster:100/100
#0030 Comparisons Q-S Min:099 Max:587 Avg:308.86 10th:187 90th:425 | Mom-Search:599 QS/MoM Ratio:0.5156 QS-Faster:100/100
#0031 Comparisons Q-S Min:099 Max:718 Avg:312.05 10th:187 90th:442 | Mom-Search:603 QS/MoM Ratio:0.5175 QS-Faster:99/100
#0032 Comparisons Q-S Min:099 Max:659 Avg:295.62 10th:196 90th:414 | Mom-Search:336 QS/MoM Ratio:0.8798 QS-Faster:68/100
#0033 Comparisons Q-S Min:156 Max:552 Avg:313.21 10th:191 90th:441 | Mom-Search:317 QS/MoM Ratio:0.9880 QS-Faster:53/100
#0034 Comparisons Q-S Min:149 Max:532 Avg:307.93 10th:177 90th:412 | Mom-Search:576 QS/MoM Ratio:0.5346 QS-Faster:100/100
#0035 Comparisons Q-S Min:099 Max:615 Avg:298.15 10th:175 90th:410 | Mom-Search:584 QS/MoM Ratio:0.5105 QS-Faster:99/100
#0036 Comparisons Q-S Min:099 Max:541 Avg:313.16 10th:176 90th:453 | Mom-Search:644 QS/MoM Ratio:0.4863 QS-Faster:100/100
#0037 Comparisons Q-S Min:099 Max:640 Avg:303.51 10th:182 90th:435 | Mom-Search:616 QS/MoM Ratio:0.4927 QS-Faster:99/100
#0038 Comparisons Q-S Min:099 Max:611 Avg:319.09 10th:198 90th:460 | Mom-Search:572 QS/MoM Ratio:0.5578 QS-Faster:97/100
#0039 Comparisons Q-S Min:099 Max:557 Avg:316.98 10th:198 90th:451 | Mom-Search:590 QS/MoM Ratio:0.5373 QS-Faster:100/100
#0040 Comparisons Q-S Min:161 Max:619 Avg:310.74 10th:186 90th:424 | Mom-Search:317 QS/MoM Ratio:0.9803 QS-Faster:57/100
#0041 Comparisons Q-S Min:099 Max:622 Avg:309.20 10th:199 90th:410 | Mom-Search:633 QS/MoM Ratio:0.4885 QS-Faster:100/100
#0042 Comparisons Q-S Min:099 Max:746 Avg:319.77 10th:194 90th:460 | Mom-Search:602 QS/MoM Ratio:0.5312 QS-Faster:99/100
#0043 Comparisons Q-S Min:099 Max:703 Avg:302.69 10th:201 90th:427 | Mom-Search:604 QS/MoM Ratio:0.5011 QS-Faster:99/100
#0044 Comparisons Q-S Min:099 Max:669 Avg:315.02 10th:189 90th:455 | Mom-Search:587 QS/MoM Ratio:0.5367 QS-Faster:99/100
#0045 Comparisons Q-S Min:099 Max:628 Avg:304.98 10th:192 90th:437 | Mom-Search:613 QS/MoM Ratio:0.4975 QS-Faster:99/100
#0046 Comparisons Q-S Min:099 Max:619 Avg:298.48 10th:177 90th:449 | Mom-Search:642 QS/MoM Ratio:0.4649 QS-Faster:100/100
#0047 Comparisons Q-S Min:153 Max:545 Avg:311.55 10th:188 90th:455 | Mom-Search:328 QS/MoM Ratio:0.9498 QS-Faster:58/100
#0048 Comparisons Q-S Min:099 Max:497 Avg:302.24 10th:199 90th:424 | Mom-Search:550 QS/MoM Ratio:0.5495 QS-Faster:100/100
#0049 Comparisons Q-S Min:148 Max:547 Avg:305.79 10th:193 90th:406 | Mom-Search:604 QS/MoM Ratio:0.5063 QS-Faster:100/100
#0050 Comparisons Q-S Min:099 Max:547 Avg:310.07 10th:180 90th:437 | Mom-Search:610 QS/MoM Ratio:0.5083 QS-Faster:100/100
#0051 Comparisons Q-S Min:099 Max:515 Avg:297.53 10th:186 90th:417 | Mom-Search:576 QS/MoM Ratio:0.5165 QS-Faster:100/100
#0052 Comparisons Q-S Min:099 Max:611 Avg:303.68 10th:190 90th:421 | Mom-Search:612 QS/MoM Ratio:0.4962 QS-Faster:100/100
#0053 Comparisons Q-S Min:099 Max:667 Avg:290.43 10th:170 90th:405 | Mom-Search:691 QS/MoM Ratio:0.4203 QS-Faster:100/100
#0054 Comparisons Q-S Min:099 Max:568 Avg:305.18 10th:190 90th:427 | Mom-Search:641 QS/MoM Ratio:0.4761 QS-Faster:100/100
#0055 Comparisons Q-S Min:099 Max:533 Avg:318.83 10th:222 90th:436 | Mom-Search:629 QS/MoM Ratio:0.5069 QS-Faster:100/100
#0056 Comparisons Q-S Min:099 Max:505 Avg:302.14 10th:175 90th:403 | Mom-Search:599 QS/MoM Ratio:0.5044 QS-Faster:100/100
#0057 Comparisons Q-S Min:099 Max:619 Avg:325.76 10th:195 90th:484 | Mom-Search:586 QS/MoM Ratio:0.5559 QS-Faster:97/100
#0058 Comparisons Q-S Min:099 Max:571 Avg:313.95 10th:196 90th:467 | Mom-Search:604 QS/MoM Ratio:0.5198 QS-Faster:100/100
#0059 Comparisons Q-S Min:153 Max:644 Avg:310.63 10th:181 90th:464 | Mom-Search:580 QS/MoM Ratio:0.5356 QS-Faster:96/100
#0060 Comparisons Q-S Min:099 Max:593 Avg:302.22 10th:192 90th:423 | Mom-Search:569 QS/MoM Ratio:0.5311 QS-Faster:99/100
#0061 Comparisons Q-S Min:099 Max:563 Avg:313.71 10th:202 90th:435 | Mom-Search:586 QS/MoM Ratio:0.5353 QS-Faster:100/100
#0062 Comparisons Q-S Min:099 Max:580 Avg:310.82 10th:185 90th:444 | Mom-Search:319 QS/MoM Ratio:0.9744 QS-Faster:55/100
#0063 Comparisons Q-S Min:148 Max:686 Avg:298.59 10th:188 90th:403 | Mom-Search:578 QS/MoM Ratio:0.5166 QS-Faster:98/100
#0064 Comparisons Q-S Min:099 Max:592 Avg:303.17 10th:205 90th:418 | Mom-Search:613 QS/MoM Ratio:0.4946 QS-Faster:100/100
#0065 Comparisons Q-S Min:099 Max:527 Avg:308.13 10th:192 90th:425 | Mom-Search:590 QS/MoM Ratio:0.5223 QS-Faster:100/100
#0066 Comparisons Q-S Min:099 Max:556 Avg:297.85 10th:176 90th:435 | Mom-Search:587 QS/MoM Ratio:0.5074 QS-Faster:100/100
#0067 Comparisons Q-S Min:099 Max:520 Avg:291.60 10th:192 90th:409 | Mom-Search:582 QS/MoM Ratio:0.5010 QS-Faster:100/100
#0068 Comparisons Q-S Min:099 Max:647 Avg:311.89 10th:195 90th:485 | Mom-Search:611 QS/MoM Ratio:0.5105 QS-Faster:99/100
#0069 Comparisons Q-S Min:099 Max:511 Avg:286.36 10th:183 90th:420 | Mom-Search:647 QS/MoM Ratio:0.4426 QS-Faster:100/100
#0070 Comparisons Q-S Min:150 Max:705 Avg:298.40 10th:185 90th:407 | Mom-Search:585 QS/MoM Ratio:0.5101 QS-Faster:99/100
#0071 Comparisons Q-S Min:157 Max:552 Avg:287.81 10th:188 90th:392 | Mom-Search:593 QS/MoM Ratio:0.4853 QS-Faster:100/100
#0072 Comparisons Q-S Min:099 Max:656 Avg:316.22 10th:186 90th:449 | Mom-Search:597 QS/MoM Ratio:0.5297 QS-Faster:99/100
#0073 Comparisons Q-S Min:154 Max:540 Avg:290.72 10th:182 90th:394 | Mom-Search:621 QS/MoM Ratio:0.4681 QS-Faster:100/100
#0074 Comparisons Q-S Min:099 Max:499 Avg:297.51 10th:185 90th:424 | Mom-Search:637 QS/MoM Ratio:0.4670 QS-Faster:100/100
#0075 Comparisons Q-S Min:150 Max:638 Avg:306.69 10th:205 90th:418 | Mom-Search:319 QS/MoM Ratio:0.9614 QS-Faster:59/100
#0076 Comparisons Q-S Min:099 Max:613 Avg:299.13 10th:192 90th:394 | Mom-Search:623 QS/MoM Ratio:0.4801 QS-Faster:100/100
#0077 Comparisons Q-S Min:165 Max:611 Avg:303.23 10th:211 90th:424 | Mom-Search:607 QS/MoM Ratio:0.4996 QS-Faster:99/100
#0078 Comparisons Q-S Min:154 Max:616 Avg:322.94 10th:215 90th:454 | Mom-Search:625 QS/MoM Ratio:0.5167 QS-Faster:100/100
#0079 Comparisons Q-S Min:158 Max:554 Avg:299.06 10th:189 90th:423 | Mom-Search:587 QS/MoM Ratio:0.5095 QS-Faster:100/100
#0080 Comparisons Q-S Min:156 Max:540 Avg:315.13 10th:192 90th:448 | Mom-Search:609 QS/MoM Ratio:0.5175 QS-Faster:100/100
#0081 Comparisons Q-S Min:161 Max:650 Avg:292.76 10th:186 90th:393 | Mom-Search:595 QS/MoM Ratio:0.4920 QS-Faster:99/100
#0082 Comparisons Q-S Min:152 Max:554 Avg:299.37 10th:182 90th:418 | Mom-Search:656 QS/MoM Ratio:0.4564 QS-Faster:100/100
#0083 Comparisons Q-S Min:099 Max:718 Avg:309.59 10th:189 90th:429 | Mom-Search:584 QS/MoM Ratio:0.5301 QS-Faster:99/100
#0084 Comparisons Q-S Min:099 Max:640 Avg:313.15 10th:186 90th:447 | Mom-Search:533 QS/MoM Ratio:0.5875 QS-Faster:99/100
#0085 Comparisons Q-S Min:151 Max:593 Avg:318.50 10th:214 90th:464 | Mom-Search:611 QS/MoM Ratio:0.5213 QS-Faster:100/100
#0086 Comparisons Q-S Min:099 Max:682 Avg:311.22 10th:206 90th:446 | Mom-Search:600 QS/MoM Ratio:0.5187 QS-Faster:99/100
#0087 Comparisons Q-S Min:160 Max:548 Avg:299.11 10th:193 90th:425 | Mom-Search:694 QS/MoM Ratio:0.4310 QS-Faster:100/100
#0088 Comparisons Q-S Min:099 Max:517 Avg:297.04 10th:191 90th:414 | Mom-Search:609 QS/MoM Ratio:0.4878 QS-Faster:100/100
#0089 Comparisons Q-S Min:099 Max:581 Avg:321.15 10th:210 90th:444 | Mom-Search:585 QS/MoM Ratio:0.5490 QS-Faster:100/100
#0090 Comparisons Q-S Min:158 Max:549 Avg:315.89 10th:200 90th:428 | Mom-Search:582 QS/MoM Ratio:0.5428 QS-Faster:100/100
#0091 Comparisons Q-S Min:099 Max:739 Avg:318.38 10th:195 90th:468 | Mom-Search:644 QS/MoM Ratio:0.4944 QS-Faster:99/100
#0092 Comparisons Q-S Min:099 Max:525 Avg:316.38 10th:206 90th:462 | Mom-Search:595 QS/MoM Ratio:0.5317 QS-Faster:100/100
#0093 Comparisons Q-S Min:099 Max:614 Avg:305.19 10th:194 90th:425 | Mom-Search:630 QS/MoM Ratio:0.4844 QS-Faster:100/100
#0094 Comparisons Q-S Min:169 Max:611 Avg:313.40 10th:211 90th:424 | Mom-Search:607 QS/MoM Ratio:0.5163 QS-Faster:99/100
#0095 Comparisons Q-S Min:155 Max:605 Avg:318.78 10th:194 90th:468 | Mom-Search:562 QS/MoM Ratio:0.5672 QS-Faster:98/100
#0096 Comparisons Q-S Min:155 Max:618 Avg:309.19 10th:188 90th:450 | Mom-Search:289 QS/MoM Ratio:1.0699 QS-Faster:44/100
#0097 Comparisons Q-S Min:168 Max:650 Avg:306.43 10th:195 90th:453 | Mom-Search:289 QS/MoM Ratio:1.0603 QS-Faster:50/100
#0098 Comparisons Q-S Min:099 Max:526 Avg:308.09 10th:204 90th:433 | Mom-Search:558 QS/MoM Ratio:0.5521 QS-Faster:100/100
#0099 Comparisons Q-S Min:099 Max:594 Avg:317.99 10th:200 90th:438 | Mom-Search:559 QS/MoM Ratio:0.5689 QS-Faster:98/100

Total run statistics:
100*100(10000) quick-search iterations, 100 total lists.
Average over all Q-S runs:307.11 Min:99 Avg 10th:192.39 Avg 90th:431.60 Max:834
Average over all MoM runs:566.00 Min:289 10th:332 90th:633 Max:694
Quick Search is fastest 9421 time(s), Mom Search fastest 579 time(s). Ratio between QS/MoM:0.5685
Over all lists, how many are below MoM? QS-Min:100/100 QS-10th:100/100 QS-Avg:97/100 QS-90th:88/100 QS-Max:52/100 
